<?xml version="1.0" encoding="UTF-8"?>
<!-- Generated by org.testng.reporters.JUnitReportReporter -->
<testsuite hostname="192.168.1.7" failures="0" tests="1" name="com.qabootcamp.tests.CreateCustomerTests" time="3.055" errors="0" timestamp="14 Sep 2021 13:50:22 GMT" skipped="0">
  <testcase classname="com.qabootcamp.tests.CreateCustomerTests" name="test3" time="3.055"/>
</testsuite> <!-- com.qabootcamp.tests.CreateCustomerTests -->
