<?xml version="1.0" encoding="UTF-8"?>
<!-- Generated by org.testng.reporters.JUnitReportReporter -->
<testsuite hostname="192.168.1.7" failures="0" tests="2" name="com.qabootcamp.tests.LoginPageTests" time="15.887" errors="0" timestamp="14 Sep 2021 13:50:22 GMT" skipped="0">
  <testcase classname="com.qabootcamp.tests.LoginPageTests" name="test1" time="9.516"/>
  <testcase classname="com.qabootcamp.tests.LoginPageTests" name="test2" time="6.371"/>
</testsuite> <!-- com.qabootcamp.tests.LoginPageTests -->
